2024-08-08 21:48:51,700 [ 1] INFO  Unity: LoadingManager start
2024-08-08 21:48:54,339 [ 1] INFO  Unity: DataManager > DataManager()
2024-08-08 21:48:58,496 [ 1] INFO  Unity: UserLoginRequest[user:1 psw:1]
2024-08-08 21:48:58,497 [ 1] INFO  Unity: ConnectToServer() Start 
2024-08-08 21:48:58,498 [ 1] INFO  Unity: DoConnect
2024-08-08 21:48:58,499 [ 1] INFO  Unity: NetClient.DoConnect on 127.0.0.1:8888
2024-08-08 21:48:58,518 [ 1] INFO  Unity: Connect[0] to server 127.0.0.1:8888

2024-08-08 21:48:58,528 [ 1] INFO  Unity: LoadingMesager::OnGameServerConnect :0 reason:Success
2024-08-08 21:48:59,012 [ 1] INFO  Unity: OnUserLogin:Success [None]
2024-08-08 21:48:59,013 [ 1] INFO  Unity: Login Successed
2024-08-08 21:48:59,013 [ 1] INFO  Unity: LoadLevel: CharSelect
2024-08-08 21:48:59,150 [ 1] INFO  Unity: LevelLoadCompleted:1
2024-08-08 21:49:01,562 [ 1] INFO  Unity: UserGameEnterRequest[characterIdx:0]
2024-08-08 21:49:01,614 [ 1] INFO  Unity: OnUserGameEnter:Success [None]
2024-08-08 21:49:01,614 [ 1] INFO  Unity: OnMapCharacterEnter:[MapId:1 Count:1]
2024-08-08 21:49:01,615 [ 1] INFO  Unity: LoadLevel: MainCity
2024-08-08 21:49:01,733 [ 1] INFO  Unity: LevelLoadCompleted:1
2024-08-08 21:49:01,734 [ 1] INFO  Unity: AddCharacter:1 北方的uu们, Map:1, Entity: SkillBridge.Message.NEntity
2024-08-08 21:49:01,740 [ 1] INFO  Unity: Set Camera
2024-08-08 21:49:15,141 [ 1] INFO  Unity: OnMapCharacterEnter:[MapId:1 Count:1]
2024-08-08 21:49:15,141 [ 1] INFO  Unity: AddCharacter:2 椒图, Map:1, Entity: SkillBridge.Message.NEntity
2024-08-08 21:49:18,127 [ 1] INFO  Unity: 北方的uu们 move forward
2024-08-08 21:49:18,128 [ 1] INFO  Unity: MapEntitySync[Id:1,entity:(1:pos:(5000,4000,820),dir:(100,0,0),spd:0,event:MoveFwd]
2024-08-08 21:49:18,161 [ 1] INFO  Unity: MapEntitySync[Id:1,entity:(1:pos:(5010,4000,820),dir:(100,0,0),spd:300,event:None]
2024-08-08 21:49:18,260 [ 1] INFO  Unity: MapEntitySync[Id:1,entity:(1:pos:(5040,4006,820),dir:(98,18,0),spd:300,event:None]
2024-08-08 21:49:18,361 [ 1] INFO  Unity: MapEntitySync[Id:1,entity:(1:pos:(5070,4018,820),dir:(93,36,0),spd:300,event:None]
2024-08-08 21:49:18,444 [ 1] INFO  Unity: MapEntitySync[Id:1,entity:(1:pos:(5090,4033,820),dir:(84,54,0),spd:300,event:None]
2024-08-08 21:49:18,528 [ 1] INFO  Unity: MapEntitySync[Id:1,entity:(1:pos:(5110,4048,820),dir:(73,68,0),spd:300,event:None]
2024-08-08 21:49:18,627 [ 1] INFO  Unity: MapEntitySync[Id:1,entity:(1:pos:(5128,4072,820),dir:(60,80,0),spd:300,event:None]
2024-08-08 21:49:18,744 [ 1] INFO  Unity: MapEntitySync[Id:1,entity:(1:pos:(5142,4107,820),dir:(42,91,0),spd:300,event:None]
2024-08-08 21:49:19,662 [ 1] INFO  Unity: 北方的uu们 stop
2024-08-08 21:49:19,663 [ 1] INFO  Unity: MapEntitySync[Id:1,entity:(1:pos:(5197,4382,820),dir:(24,97,0),spd:0,event:Idle]
2024-08-08 21:49:22,915 [ 1] INFO  Unity: MapEntitySync[Id:1,entity:(1:pos:(5197,4382,820),dir:(24,97,0),spd:0,event:None]
2024-08-08 21:49:22,999 [ 1] INFO  Unity: MapEntitySync[Id:1,entity:(1:pos:(5197,4382,820),dir:(42,91,0),spd:0,event:None]
2024-08-08 21:49:23,081 [ 1] INFO  Unity: MapEntitySync[Id:1,entity:(1:pos:(5197,4382,820),dir:(57,82,0),spd:0,event:None]
2024-08-08 21:49:23,165 [ 1] INFO  Unity: MapEntitySync[Id:1,entity:(1:pos:(5197,4382,820),dir:(71,71,0),spd:0,event:None]
2024-08-08 21:49:23,265 [ 1] INFO  Unity: MapEntitySync[Id:1,entity:(1:pos:(5197,4382,820),dir:(82,57,0),spd:0,event:None]
2024-08-08 21:49:23,365 [ 1] INFO  Unity: MapEntitySync[Id:1,entity:(1:pos:(5197,4382,820),dir:(92,39,0),spd:0,event:None]
2024-08-08 21:49:23,465 [ 1] INFO  Unity: MapEntitySync[Id:1,entity:(1:pos:(5197,4382,820),dir:(98,19,0),spd:0,event:None]
2024-08-08 21:49:23,616 [ 1] INFO  Unity: MapEntitySync[Id:1,entity:(1:pos:(5197,4382,820),dir:(100,-1,0),spd:0,event:None]
2024-08-08 21:49:25,985 [ 1] INFO  Unity: 北方的uu们 move forward
2024-08-08 21:49:25,986 [ 1] INFO  Unity: MapEntitySync[Id:1,entity:(1:pos:(5197,4382,820),dir:(98,-19,0),spd:0,event:MoveFwd]
2024-08-08 21:49:26,018 [ 1] INFO  Unity: MapEntitySync[Id:1,entity:(1:pos:(5207,4380,820),dir:(98,-19,0),spd:300,event:None]
2024-08-08 21:49:26,135 [ 1] INFO  Unity: MapEntitySync[Id:1,entity:(1:pos:(5242,4366,820),dir:(93,-37,0),spd:300,event:None]
2024-08-08 21:49:26,218 [ 1] INFO  Unity: MapEntitySync[Id:1,entity:(1:pos:(5262,4351,820),dir:(84,-54,0),spd:300,event:None]
2024-08-08 21:49:26,301 [ 1] INFO  Unity: MapEntitySync[Id:1,entity:(1:pos:(5282,4336,820),dir:(73,-68,0),spd:300,event:None]
2024-08-08 21:49:26,401 [ 1] INFO  Unity: MapEntitySync[Id:1,entity:(1:pos:(5300,4312,820),dir:(60,-80,0),spd:300,event:None]
2024-08-08 21:49:26,502 [ 1] INFO  Unity: MapEntitySync[Id:1,entity:(1:pos:(5312,4282,820),dir:(42,-91,0),spd:300,event:None]
2024-08-08 21:49:26,602 [ 1] INFO  Unity: MapEntitySync[Id:1,entity:(1:pos:(5318,4252,820),dir:(22,-97,0),spd:300,event:None]
2024-08-08 21:49:26,735 [ 1] INFO  Unity: MapEntitySync[Id:1,entity:(1:pos:(5318,4212,820),dir:(3,-100,0),spd:300,event:None]
2024-08-08 21:49:28,604 [ 1] INFO  Unity: 北方的uu们 stop
2024-08-08 21:49:28,605 [ 1] INFO  Unity: MapEntitySync[Id:1,entity:(1:pos:(5253,3634,820),dir:(-15,-99,0),spd:0,event:Idle]
2024-08-08 21:49:31,677 [ 1] INFO  Unity: Character_2_椒图 OnEntityChanged:[id:2]
2024-08-08 21:49:31,677 [ 1] INFO  Unity: OnMapEntitySync:[Count:1]
[Id:2,Entity:(2:pos:(5000,4000,820),dir:(100,0,0),spd:0,Event:MoveFwd]

2024-08-08 21:49:31,677 [ 1] INFO  Unity: Character_2_椒图 OnEntityChanged:[id:2]
2024-08-08 21:49:31,677 [ 1] INFO  Unity: OnMapEntitySync:[Count:1]
[Id:2,Entity:(2:pos:(5005,4000,820),dir:(100,0,0),spd:300,Event:None]

2024-08-08 21:49:31,807 [ 1] INFO  Unity: Character_2_椒图 OnEntityChanged:[id:2]
2024-08-08 21:49:31,807 [ 1] INFO  Unity: OnMapEntitySync:[Count:1]
[Id:2,Entity:(2:pos:(5035,4006,820),dir:(98,18,0),spd:300,Event:None]

2024-08-08 21:49:31,874 [ 1] INFO  Unity: Character_2_椒图 OnEntityChanged:[id:2]
2024-08-08 21:49:31,874 [ 1] INFO  Unity: OnMapEntitySync:[Count:1]
[Id:2,Entity:(2:pos:(5060,4016,820),dir:(94,35,0),spd:300,Event:None]

2024-08-08 21:49:31,991 [ 1] INFO  Unity: Character_2_椒图 OnEntityChanged:[id:2]
2024-08-08 21:49:31,991 [ 1] INFO  Unity: OnMapEntitySync:[Count:1]
[Id:2,Entity:(2:pos:(5084,4034,820),dir:(86,51,0),spd:300,Event:None]

2024-08-08 21:49:32,091 [ 1] INFO  Unity: Character_2_椒图 OnEntityChanged:[id:2]
2024-08-08 21:49:32,091 [ 1] INFO  Unity: OnMapEntitySync:[Count:1]
[Id:2,Entity:(2:pos:(5108,4052,820),dir:(74,68,0),spd:300,Event:None]

2024-08-08 21:49:32,174 [ 1] INFO  Unity: Character_2_椒图 OnEntityChanged:[id:2]
2024-08-08 21:49:32,174 [ 1] INFO  Unity: OnMapEntitySync:[Count:1]
[Id:2,Entity:(2:pos:(5123,4072,820),dir:(58,81,0),spd:300,Event:None]

2024-08-08 21:49:32,291 [ 1] INFO  Unity: Character_2_椒图 OnEntityChanged:[id:2]
2024-08-08 21:49:32,291 [ 1] INFO  Unity: OnMapEntitySync:[Count:1]
[Id:2,Entity:(2:pos:(5135,4102,820),dir:(43,90,0),spd:300,Event:None]

2024-08-08 21:49:32,374 [ 1] INFO  Unity: Character_2_椒图 OnEntityChanged:[id:2]
2024-08-08 21:49:32,374 [ 1] INFO  Unity: OnMapEntitySync:[Count:1]
[Id:2,Entity:(2:pos:(5142,4137,820),dir:(24,97,0),spd:300,Event:None]

2024-08-08 21:49:33,059 [ 1] INFO  Unity: Character_2_椒图 OnEntityChanged:[id:2]
2024-08-08 21:49:33,059 [ 1] INFO  Unity: OnMapEntitySync:[Count:1]
[Id:2,Entity:(2:pos:(5142,4337,820),dir:(7,100,0),spd:300,Event:None]

2024-08-08 21:49:33,158 [ 1] INFO  Unity: Character_2_椒图 OnEntityChanged:[id:2]
2024-08-08 21:49:33,159 [ 1] INFO  Unity: OnMapEntitySync:[Count:1]
[Id:2,Entity:(2:pos:(5148,4367,820),dir:(27,96,0),spd:300,Event:None]

2024-08-08 21:49:33,225 [ 1] INFO  Unity: Character_2_椒图 OnEntityChanged:[id:2]
2024-08-08 21:49:33,225 [ 1] INFO  Unity: OnMapEntitySync:[Count:1]
[Id:2,Entity:(2:pos:(5158,4387,820),dir:(46,89,0),spd:300,Event:None]

2024-08-08 21:49:33,342 [ 1] INFO  Unity: Character_2_椒图 OnEntityChanged:[id:2]
2024-08-08 21:49:33,342 [ 1] INFO  Unity: OnMapEntitySync:[Count:1]
[Id:2,Entity:(2:pos:(5176,4411,820),dir:(61,79,0),spd:300,Event:None]

2024-08-08 21:49:33,426 [ 1] INFO  Unity: Character_2_椒图 OnEntityChanged:[id:2]
2024-08-08 21:49:33,426 [ 1] INFO  Unity: OnMapEntitySync:[Count:1]
[Id:2,Entity:(2:pos:(5196,4426,820),dir:(76,65,0),spd:300,Event:None]

2024-08-08 21:49:33,508 [ 1] INFO  Unity: Character_2_椒图 OnEntityChanged:[id:2]
2024-08-08 21:49:33,509 [ 1] INFO  Unity: OnMapEntitySync:[Count:1]
[Id:2,Entity:(2:pos:(5216,4441,820),dir:(86,51,0),spd:300,Event:None]

2024-08-08 21:49:33,591 [ 1] INFO  Unity: Character_2_椒图 OnEntityChanged:[id:2]
2024-08-08 21:49:33,592 [ 1] INFO  Unity: OnMapEntitySync:[Count:1]
[Id:2,Entity:(2:pos:(5246,4453,820),dir:(94,35,0),spd:300,Event:None]

2024-08-08 21:49:33,675 [ 1] INFO  Unity: Character_2_椒图 OnEntityChanged:[id:2]
2024-08-08 21:49:33,675 [ 1] INFO  Unity: OnMapEntitySync:[Count:1]
[Id:2,Entity:(2:pos:(5271,4458,820),dir:(99,15,0),spd:300,Event:None]

2024-08-08 21:49:33,792 [ 1] INFO  Unity: Character_2_椒图 OnEntityChanged:[id:2]
2024-08-08 21:49:33,792 [ 1] INFO  Unity: OnMapEntitySync:[Count:1]
[Id:2,Entity:(2:pos:(5301,4458,820),dir:(100,-3,0),spd:300,Event:None]

2024-08-08 21:49:33,892 [ 1] INFO  Unity: Character_2_椒图 OnEntityChanged:[id:2]
2024-08-08 21:49:33,892 [ 1] INFO  Unity: OnMapEntitySync:[Count:1]
[Id:2,Entity:(2:pos:(5326,4453,820),dir:(97,-23,0),spd:300,Event:None]

2024-08-08 21:49:33,959 [ 1] INFO  Unity: Character_2_椒图 OnEntityChanged:[id:2]
2024-08-08 21:49:33,959 [ 1] INFO  Unity: OnMapEntitySync:[Count:1]
[Id:2,Entity:(2:pos:(5356,4441,820),dir:(92,-40,0),spd:300,Event:None]

2024-08-08 21:49:34,093 [ 1] INFO  Unity: Character_2_椒图 OnEntityChanged:[id:2]
2024-08-08 21:49:34,093 [ 1] INFO  Unity: OnMapEntitySync:[Count:1]
[Id:2,Entity:(2:pos:(5388,4417,820),dir:(82,-57,0),spd:300,Event:None]

2024-08-08 21:49:34,226 [ 1] INFO  Unity: Character_2_椒图 OnEntityChanged:[id:2]
2024-08-08 21:49:34,226 [ 1] INFO  Unity: OnMapEntitySync:[Count:1]
[Id:2,Entity:(2:pos:(5420,4385,820),dir:(70,-71,0),spd:0,Event:Idle]

2024-08-08 21:49:36,411 [ 1] INFO  Unity: MapEntitySync[Id:1,entity:(1:pos:(5253,3634,820),dir:(-15,-99,0),spd:0,event:None]
2024-08-08 21:49:36,511 [ 1] INFO  Unity: MapEntitySync[Id:1,entity:(1:pos:(5253,3634,820),dir:(3,-100,0),spd:0,event:None]
2024-08-08 21:49:36,611 [ 1] INFO  Unity: MapEntitySync[Id:1,entity:(1:pos:(5253,3634,820),dir:(23,-97,0),spd:0,event:None]
2024-08-08 21:49:36,695 [ 1] INFO  Unity: MapEntitySync[Id:1,entity:(1:pos:(5253,3634,820),dir:(42,-91,0),spd:0,event:None]
2024-08-08 21:49:36,778 [ 1] INFO  Unity: MapEntitySync[Id:1,entity:(1:pos:(5253,3634,820),dir:(57,-82,0),spd:0,event:None]
2024-08-08 21:49:36,862 [ 1] INFO  Unity: MapEntitySync[Id:1,entity:(1:pos:(5253,3634,820),dir:(71,-71,0),spd:0,event:None]
2024-08-08 21:49:36,962 [ 1] INFO  Unity: MapEntitySync[Id:1,entity:(1:pos:(5253,3634,820),dir:(82,-57,0),spd:0,event:None]
2024-08-08 21:49:37,062 [ 1] INFO  Unity: MapEntitySync[Id:1,entity:(1:pos:(5253,3634,820),dir:(92,-39,0),spd:0,event:None]
2024-08-08 21:49:37,162 [ 1] INFO  Unity: MapEntitySync[Id:1,entity:(1:pos:(5253,3634,820),dir:(98,-19,0),spd:0,event:None]
2024-08-08 21:49:37,261 [ 1] INFO  Unity: MapEntitySync[Id:1,entity:(1:pos:(5253,3634,820),dir:(100,2,0),spd:0,event:None]
2024-08-08 21:49:37,428 [ 1] INFO  Unity: MapEntitySync[Id:1,entity:(1:pos:(5253,3634,820),dir:(98,21,0),spd:0,event:None]
2024-08-08 21:49:38,613 [ 1] INFO  Unity: Character_2_椒图 OnEntityChanged:[id:2]
2024-08-08 21:49:38,614 [ 1] INFO  Unity: OnMapEntitySync:[Count:1]
[Id:2,Entity:(2:pos:(5420,4385,820),dir:(70,-71,0),spd:0,Event:MoveFwd]

2024-08-08 21:49:38,647 [ 1] INFO  Unity: Character_2_椒图 OnEntityChanged:[id:2]
2024-08-08 21:49:38,647 [ 1] INFO  Unity: OnMapEntitySync:[Count:1]
[Id:2,Entity:(2:pos:(5424,4381,820),dir:(70,-71,0),spd:300,Event:None]

2024-08-08 21:49:38,747 [ 1] INFO  Unity: Character_2_椒图 OnEntityChanged:[id:2]
2024-08-08 21:49:38,747 [ 1] INFO  Unity: OnMapEntitySync:[Count:1]
[Id:2,Entity:(2:pos:(5445,4353,820),dir:(55,-83,0),spd:300,Event:None]

2024-08-08 21:49:38,830 [ 1] INFO  Unity: Character_2_椒图 OnEntityChanged:[id:2]
2024-08-08 21:49:38,830 [ 1] INFO  Unity: OnMapEntitySync:[Count:1]
[Id:2,Entity:(2:pos:(5455,4328,820),dir:(39,-92,0),spd:300,Event:None]

2024-08-08 21:49:38,964 [ 1] INFO  Unity: Character_2_椒图 OnEntityChanged:[id:2]
2024-08-08 21:49:38,964 [ 1] INFO  Unity: OnMapEntitySync:[Count:1]
[Id:2,Entity:(2:pos:(5462,4293,820),dir:(22,-98,0),spd:300,Event:None]

2024-08-08 21:49:39,097 [ 1] INFO  Unity: Character_2_椒图 OnEntityChanged:[id:2]
2024-08-08 21:49:39,098 [ 1] INFO  Unity: OnMapEntitySync:[Count:1]
[Id:2,Entity:(2:pos:(5462,4253,820),dir:(4,-100,0),spd:300,Event:None]

2024-08-08 21:49:41,300 [ 1] INFO  Unity: Character_2_椒图 OnEntityChanged:[id:2]
2024-08-08 21:49:41,300 [ 1] INFO  Unity: OnMapEntitySync:[Count:1]
[Id:2,Entity:(2:pos:(5380,3590,820),dir:(-14,-99,0),spd:0,Event:Idle]

2024-08-08 21:49:44,085 [ 1] INFO  Unity: MapEntitySync[Id:1,entity:(1:pos:(5253,3634,820),dir:(92,38,0),spd:0,event:Jump]
2024-08-08 21:49:46,554 [ 1] INFO  Unity: MapEntitySync[Id:1,entity:(1:pos:(5253,3634,820),dir:(92,38,0),spd:0,event:Jump]
2024-08-08 21:49:48,890 [ 1] INFO  Unity: Character_2_椒图 OnEntityChanged:[id:2]
2024-08-08 21:49:48,891 [ 1] INFO  Unity: OnMapEntitySync:[Count:1]
[Id:2,Entity:(2:pos:(5380,3590,820),dir:(-14,-99,0),spd:0,Event:MoveFwd]

2024-08-08 21:49:49,090 [ 1] INFO  Unity: Character_2_椒图 OnEntityChanged:[id:2]
2024-08-08 21:49:49,090 [ 1] INFO  Unity: OnMapEntitySync:[Count:1]
[Id:2,Entity:(2:pos:(5369,3535,820),dir:(-14,-99,0),spd:300,Event:None]

2024-08-08 21:49:49,191 [ 1] INFO  Unity: Character_2_椒图 OnEntityChanged:[id:2]
2024-08-08 21:49:49,191 [ 1] INFO  Unity: OnMapEntitySync:[Count:1]
[Id:2,Entity:(2:pos:(5355,3500,820),dir:(-32,-95,0),spd:300,Event:None]

2024-08-08 21:49:49,291 [ 1] INFO  Unity: Character_2_椒图 OnEntityChanged:[id:2]
2024-08-08 21:49:49,291 [ 1] INFO  Unity: OnMapEntitySync:[Count:1]
[Id:2,Entity:(2:pos:(5337,3476,820),dir:(-51,-86,0),spd:300,Event:None]

2024-08-08 21:49:49,391 [ 1] INFO  Unity: Character_2_椒图 OnEntityChanged:[id:2]
2024-08-08 21:49:49,391 [ 1] INFO  Unity: OnMapEntitySync:[Count:1]
[Id:2,Entity:(2:pos:(5319,3452,820),dir:(-67,-74,0),spd:300,Event:None]

2024-08-08 21:49:49,574 [ 1] INFO  Unity: Character_2_椒图 OnEntityChanged:[id:2]
2024-08-08 21:49:49,574 [ 1] INFO  Unity: OnMapEntitySync:[Count:1]
[Id:2,Entity:(2:pos:(5275,3419,820),dir:(-80,-60,0),spd:300,Event:None]

2024-08-08 21:49:49,841 [ 1] INFO  Unity: Character_2_椒图 OnEntityChanged:[id:2]
2024-08-08 21:49:49,841 [ 1] INFO  Unity: OnMapEntitySync:[Count:1]
[Id:2,Entity:(2:pos:(5211,3387,820),dir:(-89,-45,0),spd:0,Event:Idle]

2024-08-08 21:49:50,577 [ 1] INFO  Unity: OnMapCharacterLeave:2
2024-08-08 21:49:50,577 [ 1] INFO  Unity: RemoveCharacter:2
2024-08-08 21:49:50,578 [ 1] INFO  Unity: Character_2_椒图 OnEntityRemoved:[id:2]
2024-08-08 21:49:50,578 [ 1] INFO  Unity: Character_2_椒图 OnDestroy:[id:2 pos:(5211, 3387, 820)]
2024-08-08 21:49:53,427 [ 1] INFO  Unity: MapEntitySync[Id:1,entity:(1:pos:(5253,3634,820),dir:(92,38,0),spd:0,event:None]
2024-08-08 21:49:53,527 [ 1] INFO  Unity: MapEntitySync[Id:1,entity:(1:pos:(5253,3634,820),dir:(98,21,0),spd:0,event:None]
2024-08-08 21:49:53,611 [ 1] INFO  Unity: MapEntitySync[Id:1,entity:(1:pos:(5253,3634,820),dir:(100,2,0),spd:0,event:None]
2024-08-08 21:49:53,711 [ 1] INFO  Unity: MapEntitySync[Id:1,entity:(1:pos:(5253,3634,820),dir:(99,-16,0),spd:0,event:None]
2024-08-08 21:49:53,811 [ 1] INFO  Unity: MapEntitySync[Id:1,entity:(1:pos:(5253,3634,820),dir:(93,-36,0),spd:0,event:None]
2024-08-08 21:49:53,894 [ 1] INFO  Unity: MapEntitySync[Id:1,entity:(1:pos:(5253,3634,820),dir:(84,-54,0),spd:0,event:None]
2024-08-08 21:49:53,994 [ 1] INFO  Unity: MapEntitySync[Id:1,entity:(1:pos:(5253,3634,820),dir:(73,-68,0),spd:0,event:None]
2024-08-08 21:49:54,161 [ 1] INFO  Unity: MapEntitySync[Id:1,entity:(1:pos:(5253,3634,820),dir:(59,-81,0),spd:0,event:None]
2024-08-08 21:49:54,878 [ 1] INFO  Unity: MapEntitySync[Id:1,entity:(1:pos:(5253,3634,820),dir:(43,-90,0),spd:0,event:None]
2024-08-08 21:49:54,979 [ 1] INFO  Unity: MapEntitySync[Id:1,entity:(1:pos:(5253,3634,820),dir:(59,-81,0),spd:0,event:None]
2024-08-08 21:49:55,079 [ 1] INFO  Unity: MapEntitySync[Id:1,entity:(1:pos:(5253,3634,820),dir:(73,-68,0),spd:0,event:None]
2024-08-08 21:49:55,179 [ 1] INFO  Unity: MapEntitySync[Id:1,entity:(1:pos:(5253,3634,820),dir:(86,-51,0),spd:0,event:None]
2024-08-08 21:49:55,279 [ 1] INFO  Unity: MapEntitySync[Id:1,entity:(1:pos:(5253,3634,820),dir:(95,-33,0),spd:0,event:None]
2024-08-08 21:49:55,446 [ 1] INFO  Unity: MapEntitySync[Id:1,entity:(1:pos:(5253,3634,820),dir:(99,-14,0),spd:0,event:None]
2024-08-08 21:49:56,247 [ 1] INFO  Unity: MapEntitySync[Id:1,entity:(1:pos:(5253,3634,820),dir:(100,4,0),spd:0,event:None]
2024-08-08 21:49:56,347 [ 1] INFO  Unity: MapEntitySync[Id:1,entity:(1:pos:(5253,3634,820),dir:(99,-14,0),spd:0,event:None]
2024-08-08 21:49:56,447 [ 1] INFO  Unity: MapEntitySync[Id:1,entity:(1:pos:(5253,3634,820),dir:(95,-33,0),spd:0,event:None]
2024-08-08 21:49:56,547 [ 1] INFO  Unity: MapEntitySync[Id:1,entity:(1:pos:(5253,3634,820),dir:(86,-52,0),spd:0,event:None]
2024-08-08 21:49:56,631 [ 1] INFO  Unity: MapEntitySync[Id:1,entity:(1:pos:(5253,3634,820),dir:(73,-68,0),spd:0,event:None]
2024-08-08 21:49:56,730 [ 1] INFO  Unity: MapEntitySync[Id:1,entity:(1:pos:(5253,3634,820),dir:(60,-80,0),spd:0,event:None]
2024-08-08 21:49:56,830 [ 1] INFO  Unity: MapEntitySync[Id:1,entity:(1:pos:(5253,3634,820),dir:(42,-91,0),spd:0,event:None]
2024-08-08 21:49:56,948 [ 1] INFO  Unity: MapEntitySync[Id:1,entity:(1:pos:(5253,3634,820),dir:(23,-97,0),spd:0,event:None]
2024-08-08 21:49:57,731 [ 1] INFO  Unity: MapEntitySync[Id:1,entity:(1:pos:(5253,3634,820),dir:(5,-100,0),spd:0,event:None]
2024-08-08 21:50:02,719 [ 1] INFO  Unity: OnMapCharacterEnter:[MapId:1 Count:1]
2024-08-08 21:50:02,719 [ 1] INFO  Unity: AddCharacter:2 椒图, Map:1, Entity: SkillBridge.Message.NEntity
2024-08-08 21:50:04,639 [ 1] INFO  Unity: Character_2_椒图 OnEntityChanged:[id:3]
2024-08-08 21:50:04,639 [ 1] INFO  Unity: OnMapEntitySync:[Count:1]
[Id:3,Entity:(3:pos:(5000,4000,820),dir:(100,0,0),spd:0,Event:None]

2024-08-08 21:50:04,738 [ 1] INFO  Unity: Character_2_椒图 OnEntityChanged:[id:3]
2024-08-08 21:50:04,738 [ 1] INFO  Unity: OnMapEntitySync:[Count:1]
[Id:3,Entity:(3:pos:(5000,4000,820),dir:(98,18,0),spd:0,Event:MoveFwd]

2024-08-08 21:50:04,738 [ 1] INFO  Unity: Character_2_椒图 OnEntityChanged:[id:3]
2024-08-08 21:50:04,738 [ 1] INFO  Unity: OnMapEntitySync:[Count:1]
[Id:3,Entity:(3:pos:(5000,4000,820),dir:(98,18,0),spd:0,Event:None]

2024-08-08 21:50:04,838 [ 1] INFO  Unity: Character_2_椒图 OnEntityChanged:[id:3]
2024-08-08 21:50:04,838 [ 1] INFO  Unity: OnMapEntitySync:[Count:1]
[Id:3,Entity:(3:pos:(5030,4012,820),dir:(93,36,0),spd:300,Event:None]

2024-08-08 21:50:04,989 [ 1] INFO  Unity: Character_2_椒图 OnEntityChanged:[id:3]
2024-08-08 21:50:04,989 [ 1] INFO  Unity: OnMapEntitySync:[Count:1]
[Id:3,Entity:(3:pos:(5062,4036,820),dir:(84,54,0),spd:300,Event:None]

2024-08-08 21:50:05,573 [ 1] INFO  Unity: Character_2_椒图 OnEntityChanged:[id:3]
2024-08-08 21:50:05,573 [ 1] INFO  Unity: OnMapEntitySync:[Count:1]
[Id:3,Entity:(3:pos:(5206,4144,820),dir:(73,68,0),spd:0,Event:Idle]

2024-08-08 21:50:06,390 [ 1] INFO  Unity: Character_2_椒图 OnEntityChanged:[id:3]
2024-08-08 21:50:06,390 [ 1] INFO  Unity: OnMapEntitySync:[Count:1]
[Id:3,Entity:(3:pos:(5206,4144,820),dir:(73,68,0),spd:0,Event:MoveFwd]

2024-08-08 21:50:06,507 [ 1] INFO  Unity: Character_2_椒图 OnEntityChanged:[id:3]
2024-08-08 21:50:06,507 [ 1] INFO  Unity: OnMapEntitySync:[Count:1]
[Id:3,Entity:(3:pos:(5234,4165,820),dir:(73,68,0),spd:300,Event:None]

2024-08-08 21:50:06,606 [ 1] INFO  Unity: Character_2_椒图 OnEntityChanged:[id:3]
2024-08-08 21:50:06,607 [ 1] INFO  Unity: OnMapEntitySync:[Count:1]
[Id:3,Entity:(3:pos:(5258,4183,820),dir:(85,53,0),spd:300,Event:None]

2024-08-08 21:50:06,741 [ 1] INFO  Unity: Character_2_椒图 OnEntityChanged:[id:3]
2024-08-08 21:50:06,741 [ 1] INFO  Unity: OnMapEntitySync:[Count:1]
[Id:3,Entity:(3:pos:(5298,4199,820),dir:(94,35,0),spd:300,Event:None]

2024-08-08 21:50:06,924 [ 1] INFO  Unity: Character_2_椒图 OnEntityChanged:[id:3]
2024-08-08 21:50:06,924 [ 1] INFO  Unity: OnMapEntitySync:[Count:1]
[Id:3,Entity:(3:pos:(5353,4210,820),dir:(99,17,0),spd:0,Event:Idle]

2024-08-08 21:50:07,891 [ 1] INFO  Unity: Character_2_椒图 OnEntityChanged:[id:3]
2024-08-08 21:50:07,892 [ 1] INFO  Unity: OnMapEntitySync:[Count:1]
[Id:3,Entity:(3:pos:(5353,4210,820),dir:(99,17,0),spd:0,Event:None]

2024-08-08 21:50:08,025 [ 1] INFO  Unity: Character_2_椒图 OnEntityChanged:[id:3]
2024-08-08 21:50:08,025 [ 1] INFO  Unity: OnMapEntitySync:[Count:1]
[Id:3,Entity:(3:pos:(5353,4210,820),dir:(100,-1,0),spd:0,Event:None]

2024-08-08 21:50:08,125 [ 1] INFO  Unity: Character_2_椒图 OnEntityChanged:[id:3]
2024-08-08 21:50:08,125 [ 1] INFO  Unity: OnMapEntitySync:[Count:1]
[Id:3,Entity:(3:pos:(5353,4210,820),dir:(98,-18,0),spd:0,Event:None]

2024-08-08 21:50:08,143 [ 1] INFO  Unity: Character_2_椒图 OnEntityChanged:[id:3]
2024-08-08 21:50:08,143 [ 1] INFO  Unity: OnMapEntitySync:[Count:1]
[Id:3,Entity:(3:pos:(5353,4210,820),dir:(92,-38,0),spd:0,Event:MoveBack]

2024-08-08 21:50:08,226 [ 1] INFO  Unity: Character_2_椒图 OnEntityChanged:[id:3]
2024-08-08 21:50:08,226 [ 1] INFO  Unity: OnMapEntitySync:[Count:1]
[Id:3,Entity:(3:pos:(5333,4218,820),dir:(92,-38,0),spd:-300,Event:None]

2024-08-08 21:50:08,291 [ 1] INFO  Unity: Character_2_椒图 OnEntityChanged:[id:3]
2024-08-08 21:50:08,292 [ 1] INFO  Unity: OnMapEntitySync:[Count:1]
[Id:3,Entity:(3:pos:(5313,4233,820),dir:(83,-56,0),spd:-300,Event:None]

2024-08-08 21:50:08,409 [ 1] INFO  Unity: Character_2_椒图 OnEntityChanged:[id:3]
2024-08-08 21:50:08,409 [ 1] INFO  Unity: OnMapEntitySync:[Count:1]
[Id:3,Entity:(3:pos:(5289,4257,820),dir:(71,-70,0),spd:-300,Event:None]

2024-08-08 21:50:08,492 [ 1] INFO  Unity: Character_2_椒图 OnEntityChanged:[id:3]
2024-08-08 21:50:08,492 [ 1] INFO  Unity: OnMapEntitySync:[Count:1]
[Id:3,Entity:(3:pos:(5271,4281,820),dir:(55,-83,0),spd:-300,Event:None]

2024-08-08 21:50:08,592 [ 1] INFO  Unity: Character_2_椒图 OnEntityChanged:[id:3]
2024-08-08 21:50:08,592 [ 1] INFO  Unity: OnMapEntitySync:[Count:1]
[Id:3,Entity:(3:pos:(5259,4311,820),dir:(39,-92,0),spd:0,Event:Idle]

2024-08-08 21:50:08,692 [ 1] INFO  Unity: Character_2_椒图 OnEntityChanged:[id:3]
2024-08-08 21:50:08,692 [ 1] INFO  Unity: OnMapEntitySync:[Count:1]
[Id:3,Entity:(3:pos:(5259,4311,820),dir:(39,-92,0),spd:0,Event:None]

2024-08-08 21:50:08,726 [ 1] INFO  Unity: Character_2_椒图 OnEntityChanged:[id:3]
2024-08-08 21:50:08,726 [ 1] INFO  Unity: OnMapEntitySync:[Count:1]
[Id:3,Entity:(3:pos:(5259,4311,820),dir:(22,-97,0),spd:0,Event:MoveFwd]

2024-08-08 21:50:09,894 [ 1] INFO  Unity: Character_2_椒图 OnEntityChanged:[id:3]
2024-08-08 21:50:09,894 [ 1] INFO  Unity: OnMapEntitySync:[Count:1]
[Id:3,Entity:(3:pos:(5329,3961,820),dir:(22,-97,0),spd:300,Event:None]

2024-08-08 21:50:10,261 [ 1] INFO  Unity: Character_2_椒图 OnEntityChanged:[id:3]
2024-08-08 21:50:10,261 [ 1] INFO  Unity: OnMapEntitySync:[Count:1]
[Id:3,Entity:(3:pos:(5373,3851,820),dir:(41,-91,0),spd:0,Event:Idle]

2024-08-08 21:50:10,461 [ 1] INFO  Unity: Character_2_椒图 OnEntityChanged:[id:3]
2024-08-08 21:50:10,461 [ 1] INFO  Unity: OnMapEntitySync:[Count:1]
[Id:3,Entity:(3:pos:(5373,3851,820),dir:(41,-91,0),spd:0,Event:MoveFwd]

2024-08-08 21:50:10,744 [ 1] INFO  Unity: Character_2_椒图 OnEntityChanged:[id:3]
2024-08-08 21:50:10,744 [ 1] INFO  Unity: OnMapEntitySync:[Count:1]
[Id:3,Entity:(3:pos:(5407,3766,820),dir:(41,-91,0),spd:300,Event:None]

2024-08-08 21:50:10,844 [ 1] INFO  Unity: Character_2_椒图 OnEntityChanged:[id:3]
2024-08-08 21:50:10,844 [ 1] INFO  Unity: OnMapEntitySync:[Count:1]
[Id:3,Entity:(3:pos:(5412,3741,820),dir:(24,-97,0),spd:300,Event:None]

2024-08-08 21:50:10,944 [ 1] INFO  Unity: Character_2_椒图 OnEntityChanged:[id:3]
2024-08-08 21:50:10,944 [ 1] INFO  Unity: OnMapEntitySync:[Count:1]
[Id:3,Entity:(3:pos:(5412,3711,820),dir:(7,-100,0),spd:300,Event:None]

2024-08-08 21:50:11,095 [ 1] INFO  Unity: Character_2_椒图 OnEntityChanged:[id:3]
2024-08-08 21:50:11,095 [ 1] INFO  Unity: OnMapEntitySync:[Count:1]
[Id:3,Entity:(3:pos:(5403,3666,820),dir:(-12,-99,0),spd:300,Event:None]

2024-08-08 21:50:11,229 [ 1] INFO  Unity: Character_2_椒图 OnEntityChanged:[id:3]
2024-08-08 21:50:11,229 [ 1] INFO  Unity: OnMapEntitySync:[Count:1]
[Id:3,Entity:(3:pos:(5395,3626,820),dir:(-29,-96,0),spd:0,Event:Idle]

2024-08-08 21:50:12,913 [ 1] INFO  Unity: Character_2_椒图 OnEntityChanged:[id:3]
2024-08-08 21:50:12,913 [ 1] INFO  Unity: OnMapEntitySync:[Count:1]
[Id:3,Entity:(3:pos:(5395,3626,820),dir:(-29,-96,0),spd:0,Event:None]

2024-08-08 21:50:12,930 [ 1] INFO  Unity: Character_2_椒图 OnEntityChanged:[id:3]
2024-08-08 21:50:12,930 [ 1] INFO  Unity: OnMapEntitySync:[Count:1]
[Id:3,Entity:(3:pos:(5395,3626,820),dir:(-47,-88,0),spd:0,Event:MoveFwd]

2024-08-08 21:50:13,030 [ 1] INFO  Unity: Character_2_椒图 OnEntityChanged:[id:3]
2024-08-08 21:50:13,030 [ 1] INFO  Unity: OnMapEntitySync:[Count:1]
[Id:3,Entity:(3:pos:(5383,3602,820),dir:(-47,-88,0),spd:300,Event:None]

2024-08-08 21:50:13,180 [ 1] INFO  Unity: Character_2_椒图 OnEntityChanged:[id:3]
2024-08-08 21:50:13,180 [ 1] INFO  Unity: OnMapEntitySync:[Count:1]
[Id:3,Entity:(3:pos:(5356,3566,820),dir:(-63,-78,0),spd:300,Event:None]

2024-08-08 21:50:14,164 [ 1] INFO  Unity: Character_2_椒图 OnEntityChanged:[id:3]
2024-08-08 21:50:14,164 [ 1] INFO  Unity: OnMapEntitySync:[Count:1]
[Id:3,Entity:(3:pos:(5124,3392,820),dir:(-76,-65,0),spd:0,Event:Idle]

2024-08-08 21:50:14,882 [ 1] INFO  Unity: Character_2_椒图 OnEntityChanged:[id:3]
2024-08-08 21:50:14,882 [ 1] INFO  Unity: OnMapEntitySync:[Count:1]
[Id:3,Entity:(3:pos:(5124,3392,820),dir:(-76,-65,0),spd:0,Event:None]

2024-08-08 21:50:14,981 [ 1] INFO  Unity: Character_2_椒图 OnEntityChanged:[id:3]
2024-08-08 21:50:14,982 [ 1] INFO  Unity: OnMapEntitySync:[Count:1]
[Id:3,Entity:(3:pos:(5124,3392,820),dir:(-62,-79,0),spd:0,Event:None]

2024-08-08 21:50:15,065 [ 1] INFO  Unity: Character_2_椒图 OnEntityChanged:[id:3]
2024-08-08 21:50:15,065 [ 1] INFO  Unity: OnMapEntitySync:[Count:1]
[Id:3,Entity:(3:pos:(5124,3392,820),dir:(-45,-89,0),spd:0,Event:None]

2024-08-08 21:50:15,148 [ 1] INFO  Unity: Character_2_椒图 OnEntityChanged:[id:3]
2024-08-08 21:50:15,148 [ 1] INFO  Unity: OnMapEntitySync:[Count:1]
[Id:3,Entity:(3:pos:(5124,3392,820),dir:(-29,-96,0),spd:0,Event:None]

2024-08-08 21:50:15,232 [ 1] INFO  Unity: Character_2_椒图 OnEntityChanged:[id:3]
2024-08-08 21:50:15,232 [ 1] INFO  Unity: OnMapEntitySync:[Count:1]
[Id:3,Entity:(3:pos:(5124,3392,820),dir:(-12,-99,0),spd:0,Event:None]

2024-08-08 21:50:15,331 [ 1] INFO  Unity: Character_2_椒图 OnEntityChanged:[id:3]
2024-08-08 21:50:15,332 [ 1] INFO  Unity: OnMapEntitySync:[Count:1]
[Id:3,Entity:(3:pos:(5124,3392,820),dir:(6,-100,0),spd:0,Event:None]

2024-08-08 21:50:15,431 [ 1] INFO  Unity: Character_2_椒图 OnEntityChanged:[id:3]
2024-08-08 21:50:15,432 [ 1] INFO  Unity: OnMapEntitySync:[Count:1]
[Id:3,Entity:(3:pos:(5124,3392,820),dir:(27,-96,0),spd:0,Event:None]

2024-08-08 21:50:15,532 [ 1] INFO  Unity: Character_2_椒图 OnEntityChanged:[id:3]
2024-08-08 21:50:15,532 [ 1] INFO  Unity: OnMapEntitySync:[Count:1]
[Id:3,Entity:(3:pos:(5124,3392,820),dir:(46,-89,0),spd:0,Event:None]

2024-08-08 21:50:15,615 [ 1] INFO  Unity: Character_2_椒图 OnEntityChanged:[id:3]
2024-08-08 21:50:15,615 [ 1] INFO  Unity: OnMapEntitySync:[Count:1]
[Id:3,Entity:(3:pos:(5124,3392,820),dir:(61,-79,0),spd:0,Event:None]

2024-08-08 21:50:15,716 [ 1] INFO  Unity: Character_2_椒图 OnEntityChanged:[id:3]
2024-08-08 21:50:15,716 [ 1] INFO  Unity: OnMapEntitySync:[Count:1]
[Id:3,Entity:(3:pos:(5124,3392,820),dir:(76,-65,0),spd:0,Event:None]

2024-08-08 21:50:15,832 [ 1] INFO  Unity: Character_2_椒图 OnEntityChanged:[id:3]
2024-08-08 21:50:15,833 [ 1] INFO  Unity: OnMapEntitySync:[Count:1]
[Id:3,Entity:(3:pos:(5124,3392,820),dir:(88,-48,0),spd:0,Event:None]

2024-08-08 21:50:15,966 [ 1] INFO  Unity: Character_2_椒图 OnEntityChanged:[id:3]
2024-08-08 21:50:15,966 [ 1] INFO  Unity: OnMapEntitySync:[Count:1]
[Id:3,Entity:(3:pos:(5124,3392,820),dir:(96,-29,0),spd:0,Event:None]

2024-08-08 21:50:16,416 [ 1] INFO  Unity: Character_2_椒图 OnEntityChanged:[id:3]
2024-08-08 21:50:16,416 [ 1] INFO  Unity: OnMapEntitySync:[Count:1]
[Id:3,Entity:(3:pos:(5124,3392,820),dir:(99,-11,0),spd:0,Event:None]

2024-08-08 21:50:18,101 [ 1] INFO  Unity: MapEntitySync[Id:1,entity:(1:pos:(5253,3634,820),dir:(23,-97,0),spd:0,event:None]
2024-08-08 21:50:18,150 [ 1] INFO  Unity: 北方的uu们 move forward
2024-08-08 21:50:18,151 [ 1] INFO  Unity: MapEntitySync[Id:1,entity:(1:pos:(5253,3634,820),dir:(41,-91,0),spd:0,event:MoveFwd]
2024-08-08 21:50:18,284 [ 1] INFO  Unity: MapEntitySync[Id:1,entity:(1:pos:(5269,3594,820),dir:(41,-91,0),spd:300,event:None]
2024-08-08 21:50:18,787 [ 1] INFO  Unity: 北方的uu们 stop
2024-08-08 21:50:18,787 [ 1] INFO  Unity: MapEntitySync[Id:1,entity:(1:pos:(5359,3474,820),dir:(57,-82,0),spd:0,event:Idle]
2024-08-08 21:50:23,540 [ 1] INFO  Unity: Character_2_椒图 OnEntityChanged:[id:3]
2024-08-08 21:50:23,540 [ 1] INFO  Unity: OnMapEntitySync:[Count:1]
[Id:3,Entity:(3:pos:(5124,3392,820),dir:(100,7,0),spd:0,Event:None]

2024-08-08 21:50:23,673 [ 1] INFO  Unity: Character_2_椒图 OnEntityChanged:[id:3]
2024-08-08 21:50:23,673 [ 1] INFO  Unity: OnMapEntitySync:[Count:1]
[Id:3,Entity:(3:pos:(5124,3392,820),dir:(97,25,0),spd:0,Event:None]

2024-08-08 21:50:23,774 [ 1] INFO  Unity: Character_2_椒图 OnEntityChanged:[id:3]
2024-08-08 21:50:23,774 [ 1] INFO  Unity: OnMapEntitySync:[Count:1]
[Id:3,Entity:(3:pos:(5124,3392,820),dir:(91,42,0),spd:0,Event:MoveFwd]

2024-08-08 21:50:23,774 [ 1] INFO  Unity: Character_2_椒图 OnEntityChanged:[id:3]
2024-08-08 21:50:23,774 [ 1] INFO  Unity: OnMapEntitySync:[Count:1]
[Id:3,Entity:(3:pos:(5129,3394,820),dir:(91,42,0),spd:300,Event:None]

2024-08-08 21:50:23,873 [ 1] INFO  Unity: Character_2_椒图 OnEntityChanged:[id:3]
2024-08-08 21:50:23,873 [ 1] INFO  Unity: OnMapEntitySync:[Count:1]
[Id:3,Entity:(3:pos:(5149,3409,820),dir:(80,59,0),spd:300,Event:None]

2024-08-08 21:50:23,961 [ 1] INFO  Unity: Character_2_椒图 OnEntityChanged:[id:3]
2024-08-08 21:50:23,961 [ 1] INFO  Unity: OnMapEntitySync:[Count:1]
[Id:3,Entity:(3:pos:(5167,3433,820),dir:(69,73,0),spd:300,Event:None]

2024-08-08 21:50:24,074 [ 1] INFO  Unity: Character_2_椒图 OnEntityChanged:[id:3]
2024-08-08 21:50:24,074 [ 1] INFO  Unity: OnMapEntitySync:[Count:1]
[Id:3,Entity:(3:pos:(5185,3457,820),dir:(52,85,0),spd:300,Event:None]

2024-08-08 21:50:24,157 [ 1] INFO  Unity: Character_2_椒图 OnEntityChanged:[id:3]
2024-08-08 21:50:24,157 [ 1] INFO  Unity: OnMapEntitySync:[Count:1]
[Id:3,Entity:(3:pos:(5197,3487,820),dir:(33,94,0),spd:300,Event:None]

2024-08-08 21:50:24,258 [ 1] INFO  Unity: Character_2_椒图 OnEntityChanged:[id:3]
2024-08-08 21:50:24,258 [ 1] INFO  Unity: OnMapEntitySync:[Count:1]
[Id:3,Entity:(3:pos:(5203,3517,820),dir:(13,99,0),spd:300,Event:None]

2024-08-08 21:50:25,242 [ 1] INFO  Unity: Character_2_椒图 OnEntityChanged:[id:3]
2024-08-08 21:50:25,242 [ 1] INFO  Unity: OnMapEntitySync:[Count:1]
[Id:3,Entity:(3:pos:(5203,3812,820),dir:(-5,100,0),spd:300,Event:None]

2024-08-08 21:50:25,442 [ 1] INFO  Unity: Character_2_椒图 OnEntityChanged:[id:3]
2024-08-08 21:50:25,442 [ 1] INFO  Unity: OnMapEntitySync:[Count:1]
[Id:3,Entity:(3:pos:(5191,3872,820),dir:(-22,97,0),spd:300,Event:None]

2024-08-08 21:50:25,542 [ 1] INFO  Unity: Character_2_椒图 OnEntityChanged:[id:3]
2024-08-08 21:50:25,542 [ 1] INFO  Unity: OnMapEntitySync:[Count:1]
[Id:3,Entity:(3:pos:(5179,3902,820),dir:(-39,92,0),spd:300,Event:None]

2024-08-08 21:50:25,659 [ 1] INFO  Unity: Character_2_椒图 OnEntityChanged:[id:3]
2024-08-08 21:50:25,659 [ 1] INFO  Unity: OnMapEntitySync:[Count:1]
[Id:3,Entity:(3:pos:(5161,3926,820),dir:(-55,84,0),spd:300,Event:None]

2024-08-08 21:50:25,775 [ 1] INFO  Unity: Character_2_椒图 OnEntityChanged:[id:3]
2024-08-08 21:50:25,775 [ 1] INFO  Unity: OnMapEntitySync:[Count:1]
[Id:3,Entity:(3:pos:(5129,3958,820),dir:(-71,71,0),spd:300,Event:None]

2024-08-08 21:50:26,209 [ 1] INFO  Unity: Character_2_椒图 OnEntityChanged:[id:3]
2024-08-08 21:50:26,209 [ 1] INFO  Unity: OnMapEntitySync:[Count:1]
[Id:3,Entity:(3:pos:(5025,4036,820),dir:(-83,56,0),spd:300,Event:None]

2024-08-08 21:50:26,308 [ 1] INFO  Unity: Character_2_椒图 OnEntityChanged:[id:3]
2024-08-08 21:50:26,308 [ 1] INFO  Unity: OnMapEntitySync:[Count:1]
[Id:3,Entity:(3:pos:(5001,4060,820),dir:(-71,71,0),spd:300,Event:None]

2024-08-08 21:50:26,409 [ 1] INFO  Unity: Character_2_椒图 OnEntityChanged:[id:3]
2024-08-08 21:50:26,409 [ 1] INFO  Unity: OnMapEntitySync:[Count:1]
[Id:3,Entity:(3:pos:(4983,4084,820),dir:(-55,84,0),spd:300,Event:None]

2024-08-08 21:50:26,526 [ 1] INFO  Unity: Character_2_椒图 OnEntityChanged:[id:3]
2024-08-08 21:50:26,526 [ 1] INFO  Unity: OnMapEntitySync:[Count:1]
[Id:3,Entity:(3:pos:(4969,4119,820),dir:(-37,93,0),spd:300,Event:None]

2024-08-08 21:50:26,960 [ 1] INFO  Unity: Character_2_椒图 OnEntityChanged:[id:3]
2024-08-08 21:50:26,960 [ 1] INFO  Unity: OnMapEntitySync:[Count:1]
[Id:3,Entity:(3:pos:(4943,4249,820),dir:(-20,98,0),spd:300,Event:None]

2024-08-08 21:50:27,093 [ 1] INFO  Unity: Character_2_椒图 OnEntityChanged:[id:3]
2024-08-08 21:50:27,093 [ 1] INFO  Unity: OnMapEntitySync:[Count:1]
[Id:3,Entity:(3:pos:(4943,4289,820),dir:(-2,100,0),spd:300,Event:None]

2024-08-08 21:50:27,210 [ 1] INFO  Unity: Character_2_椒图 OnEntityChanged:[id:3]
2024-08-08 21:50:27,210 [ 1] INFO  Unity: OnMapEntitySync:[Count:1]
[Id:3,Entity:(3:pos:(4949,4319,820),dir:(17,98,0),spd:300,Event:None]

2024-08-08 21:50:27,276 [ 1] INFO  Unity: Character_2_椒图 OnEntityChanged:[id:3]
2024-08-08 21:50:27,276 [ 1] INFO  Unity: OnMapEntitySync:[Count:1]
[Id:3,Entity:(3:pos:(4959,4344,820),dir:(37,93,0),spd:300,Event:None]

2024-08-08 21:50:27,393 [ 1] INFO  Unity: Character_2_椒图 OnEntityChanged:[id:3]
2024-08-08 21:50:27,394 [ 1] INFO  Unity: OnMapEntitySync:[Count:1]
[Id:3,Entity:(3:pos:(4977,4368,820),dir:(53,85,0),spd:300,Event:None]

2024-08-08 21:50:27,477 [ 1] INFO  Unity: Character_2_椒图 OnEntityChanged:[id:3]
2024-08-08 21:50:27,477 [ 1] INFO  Unity: OnMapEntitySync:[Count:1]
[Id:3,Entity:(3:pos:(4995,4392,820),dir:(69,72,0),spd:300,Event:None]

2024-08-08 21:50:27,577 [ 1] INFO  Unity: Character_2_椒图 OnEntityChanged:[id:3]
2024-08-08 21:50:27,577 [ 1] INFO  Unity: OnMapEntitySync:[Count:1]
[Id:3,Entity:(3:pos:(5019,4410,820),dir:(83,56,0),spd:300,Event:None]

2024-08-08 21:50:27,677 [ 1] INFO  Unity: Character_2_椒图 OnEntityChanged:[id:3]
2024-08-08 21:50:27,677 [ 1] INFO  Unity: OnMapEntitySync:[Count:1]
[Id:3,Entity:(3:pos:(5049,4422,820),dir:(93,38,0),spd:300,Event:None]

2024-08-08 21:50:27,760 [ 1] INFO  Unity: Character_2_椒图 OnEntityChanged:[id:3]
2024-08-08 21:50:27,760 [ 1] INFO  Unity: OnMapEntitySync:[Count:1]
[Id:3,Entity:(3:pos:(5074,4427,820),dir:(98,18,0),spd:300,Event:None]

2024-08-08 21:50:27,860 [ 1] INFO  Unity: Character_2_椒图 OnEntityChanged:[id:3]
2024-08-08 21:50:27,860 [ 1] INFO  Unity: OnMapEntitySync:[Count:1]
[Id:3,Entity:(3:pos:(5104,4427,820),dir:(100,0,0),spd:300,Event:None]

2024-08-08 21:50:27,944 [ 1] INFO  Unity: Character_2_椒图 OnEntityChanged:[id:3]
2024-08-08 21:50:27,944 [ 1] INFO  Unity: OnMapEntitySync:[Count:1]
[Id:3,Entity:(3:pos:(5124,4423,820),dir:(98,-20,0),spd:0,Event:Idle]

2024-08-08 21:50:27,944 [ 1] INFO  Unity: Character_2_椒图 OnEntityChanged:[id:3]
2024-08-08 21:50:27,944 [ 1] INFO  Unity: OnMapEntitySync:[Count:1]
[Id:3,Entity:(3:pos:(5124,4423,820),dir:(98,-20,0),spd:0,Event:None]

2024-08-08 21:50:28,027 [ 1] INFO  Unity: Character_2_椒图 OnEntityChanged:[id:3]
2024-08-08 21:50:28,027 [ 1] INFO  Unity: OnMapEntitySync:[Count:1]
[Id:3,Entity:(3:pos:(5124,4423,820),dir:(93,-37,0),spd:0,Event:None]

2024-08-08 21:50:28,144 [ 1] INFO  Unity: Character_2_椒图 OnEntityChanged:[id:3]
2024-08-08 21:50:28,144 [ 1] INFO  Unity: OnMapEntitySync:[Count:1]
[Id:3,Entity:(3:pos:(5124,4423,820),dir:(85,-53,0),spd:0,Event:None]

2024-08-08 21:50:31,380 [ 1] INFO  Unity: Character_2_椒图 OnEntityChanged:[id:3]
2024-08-08 21:50:31,380 [ 1] INFO  Unity: OnMapEntitySync:[Count:1]
[Id:3,Entity:(3:pos:(5124,4423,820),dir:(73,-68,0),spd:0,Event:MoveFwd]

2024-08-08 21:50:31,782 [ 1] INFO  Unity: Character_2_椒图 OnEntityChanged:[id:3]
2024-08-08 21:50:31,782 [ 1] INFO  Unity: OnMapEntitySync:[Count:1]
[Id:3,Entity:(3:pos:(5216,4354,820),dir:(73,-68,0),spd:300,Event:None]

2024-08-08 21:50:31,915 [ 1] INFO  Unity: Character_2_椒图 OnEntityChanged:[id:3]
2024-08-08 21:50:31,915 [ 1] INFO  Unity: OnMapEntitySync:[Count:1]
[Id:3,Entity:(3:pos:(5243,4318,820),dir:(59,-81,0),spd:300,Event:None]

2024-08-08 21:50:32,031 [ 1] INFO  Unity: Character_2_椒图 OnEntityChanged:[id:3]
2024-08-08 21:50:32,032 [ 1] INFO  Unity: OnMapEntitySync:[Count:1]
[Id:3,Entity:(3:pos:(5255,4288,820),dir:(42,-91,0),spd:300,Event:None]

2024-08-08 21:50:32,115 [ 1] INFO  Unity: Character_2_椒图 OnEntityChanged:[id:3]
2024-08-08 21:50:32,115 [ 1] INFO  Unity: OnMapEntitySync:[Count:1]
[Id:3,Entity:(3:pos:(5261,4258,820),dir:(22,-97,0),spd:300,Event:None]

2024-08-08 21:50:32,265 [ 1] INFO  Unity: Character_2_椒图 OnEntityChanged:[id:3]
2024-08-08 21:50:32,265 [ 1] INFO  Unity: OnMapEntitySync:[Count:1]
[Id:3,Entity:(3:pos:(5261,4213,820),dir:(3,-100,0),spd:300,Event:None]

2024-08-08 21:50:34,584 [ 1] INFO  Unity: Character_2_椒图 OnEntityChanged:[id:3]
2024-08-08 21:50:34,584 [ 1] INFO  Unity: OnMapEntitySync:[Count:1]
[Id:3,Entity:(3:pos:(5157,3482,820),dir:(-15,-99,0),spd:0,Event:Idle]

2024-08-08 21:50:44,420 [ 1] INFO  Unity: Character_1_北方的uu们 OnDestroy:[id:1 pos:(5359, 3474, 820)]
2024-08-08 21:50:44,420 [ 1] INFO  Unity: Character_2_椒图 OnDestroy:[id:3 pos:(5157, 3482, 820)]
2024-08-08 21:50:44,420 [ 1] INFO  Unity: OnDestroy NetworkManager.
2024-08-08 21:50:44,420 [ 1] WARN  Unity: CloseConnection(), errorCode: 1007

